<?xml version="1.0" encoding="UTF-8"?>
<!-- Generated by org.testng.reporters.JUnitReportReporter -->
<testsuite hostname="lainpuma0277" name="com.ebay.tests.SelectCategoryTest" tests="1" failures="0" timestamp="17 Oct 2016 10:52:10 GMT" time="9.074" errors="0">
  <testcase name="VerifyBooksMagazines" time="9.074" classname="com.ebay.tests.SelectCategoryTest"/>
</testsuite> <!-- com.ebay.tests.SelectCategoryTest -->
