<?xml version="1.0" encoding="UTF-8"?>
<!-- Generated by org.testng.reporters.JUnitReportReporter -->
<testsuite hostname="lainpuma0277" name="com.ebay.tests.PlaceBidTest" tests="1" failures="0" timestamp="20 Oct 2016 09:57:17 GMT" time="30.812" errors="0">
  <testcase name="verifyBidButton" time="30.812" classname="com.ebay.tests.PlaceBidTest"/>
</testsuite> <!-- com.ebay.tests.PlaceBidTest -->
