<?xml version="1.0" encoding="UTF-8"?>
<!-- Generated by org.testng.reporters.JUnitReportReporter -->
<testsuite hostname="lainpuma0277" name="com.ebay.tests.HighestPriceFirstTest" tests="1" failures="0" timestamp="21 Oct 2016 06:01:40 GMT" time="20.695" errors="0">
  <testcase name="verifyHighestPriceFirst" time="20.695" classname="com.ebay.tests.HighestPriceFirstTest"/>
</testsuite> <!-- com.ebay.tests.HighestPriceFirstTest -->
